<?xml version="1.0" encoding="UTF-8"?>
<testsuite name="practice_3.practice_3_Test" tests="2" skipped="0" failures="0" errors="0" timestamp="2017-07-24T08:14:11" hostname="CNHong.local" time="0.001">
  <properties/>
  <testcase name="studentIntroduceTest" classname="practice_3.practice_3_Test" time="0.001"/>
  <testcase name="introduceTest" classname="practice_3.practice_3_Test" time="0.0"/>
  <system-out><![CDATA[]]></system-out>
  <system-err><![CDATA[]]></system-err>
</testsuite>
