<?xml version="1.0" encoding="UTF-8"?>
<testsuite name="practice_1.practice_1_Test" tests="3" skipped="0" failures="0" errors="0" timestamp="2017-07-24T08:14:11" hostname="CNHong.local" time="0.003">
  <properties/>
  <testcase name="introduceUpdateNameTest" classname="practice_1.practice_1_Test" time="0.002"/>
  <testcase name="introduceTest" classname="practice_1.practice_1_Test" time="0.0"/>
  <testcase name="ToStringTest" classname="practice_1.practice_1_Test" time="0.0"/>
  <system-out><![CDATA[]]></system-out>
  <system-err><![CDATA[]]></system-err>
</testsuite>
