<?xml version="1.0" encoding="UTF-8"?>
<testsuite name="managerScore.ManagerScoreTest" tests="8" skipped="0" failures="0" errors="0" timestamp="2017-08-07T04:24:53" hostname="CNHong.local" time="0.026">
  <properties/>
  <testcase name="should_return_get_student_id_when_input_error_at_status_2" classname="managerScore.ManagerScoreTest" time="0.006"/>
  <testcase name="should_return_get_student_score_when_input_not_exist_id_at_stauts_2" classname="managerScore.ManagerScoreTest" time="0.001"/>
  <testcase name="should_return_menu_string_when_menu_input_error" classname="managerScore.ManagerScoreTest" time="0.0"/>
  <testcase name="should_return_get_student_id_when_input_2" classname="managerScore.ManagerScoreTest" time="0.0"/>
  <testcase name="should_return_add_student_info_when_input_info_at_status_1" classname="managerScore.ManagerScoreTest" time="0.001"/>
  <testcase name="should_return_add_student_info_when_input_1" classname="managerScore.ManagerScoreTest" time="0.0"/>
  <testcase name="should_return_add_student_info_when_input_error_at_status_1" classname="managerScore.ManagerScoreTest" time="0.0"/>
  <testcase name="should_return_get_student_score_when_input_id_at_stauts_2" classname="managerScore.ManagerScoreTest" time="0.017"/>
  <system-out><![CDATA[]]></system-out>
  <system-err><![CDATA[]]></system-err>
</testsuite>
